ubuntu Wed 06 August 2014  5:26PM> sh test.sh                                           /home/sarnobat/Desktop/new/github/script_launcher
POST / HTTP/1.1
Host: netgear.rohidekar.com:4458
Connection: keep-alive
Content-Length: 3
Origin: http://stackoverflow.com
User-Agent: Mozilla/5.0 (Macintosh; Intel Mac OS X 10_7_5) AppleWebKit/537.36 (KHTML, like Gecko) Chrome/35.0.1916.153 Safari/537.36
Content-type: text/plain
Accept: */*
Referer: http://stackoverflow.com/questions/25171610/2nd-bookmarklet-http-request-to-netcat-hangs
Accept-Encoding: gzip,deflate,sdch
Accept-Language: en-US,en;q=0.8

45
POST / HTTP/1.1
Host: netgear.rohidekar.com:4458
Connection: keep-alive
Content-Length: 3
Origin: http://superuser.com
User-Agent: Mozilla/5.0 (Macintosh; Intel Mac OS X 10_7_5) AppleWebKit/537.36 (KHTML, like Gecko) Chrome/35.0.1916.153 Safari/537.36
Content-type: text/plain
Accept: */*
Referer: http://superuser.com/questions/777208/multiple-directives-in-apache2-httpd-via-command-line
Accept-Encoding: gzip,deflate,sdch
Accept-Language: en-US,en;q=0.8

45
POST / HTTP/1.1
Host: netgear.rohidekar.com:4458
Connection: keep-alive
Content-Length: 3
Origin: http://www.bbc.co.uk
User-Agent: Mozilla/5.0 (Macintosh; Intel Mac OS X 10_7_5) AppleWebKit/537.36 (KHTML, like Gecko) Chrome/35.0.1916.153 Safari/537.36
Content-type: text/plain
Accept: */*
Referer: http://www.bbc.co.uk/programmes/b006t6gw
Accept-Encoding: gzip,deflate,sdch
Accept-Language: en-US,en;q=0.8

45
POST / HTTP/1.1
Host: netgear.rohidekar.com:4458
Connection: keep-alive
Content-Length: 3
User-Agent: Mozilla/5.0 (Macintosh; Intel Mac OS X 10_7_5) AppleWebKit/537.36 (KHTML, like Gecko) Chrome/35.0.1916.153 Safari/537.36
Origin: https://www.google.com
Content-type: text/plain
Accept: */*
Accept-Encoding: gzip,deflate,sdch
Accept-Language: en-US,en;q=0.8

45
